<?xml version="1.0" encoding="UTF-8"?>
<!-- Generated by org.testng.reporters.JUnitXMLReporter -->
<testsuite hostname="Vicky" ignored="1" name="Test" tests="1" failures="1" timestamp="2020-10-02T09:36:44 IST" time="80.041" errors="0">
  <testcase name="WAVE_TC_01" time="2.673" classname="wave.test.cases.TestSuite">
    <failure type="java.lang.NullPointerException">
      <![CDATA[java.lang.NullPointerException
at xpath.hub.pack.XpathHub.xpathGetter(XpathHub.java:42)
at step.base.pack.StepBase.MainLooper(StepBase.java:69)
at step.base.pack.StepBase.Step(StepBase.java:36)
at Specifics.pack.SpecificType.login(SpecificType.java:92)
at step.base.pack.StepBase.MainLooper(StepBase.java:122)
at step.base.pack.StepBase.keyword(StepBase.java:50)
at wave.test.cases.TestSuite.WAVE_TC_01(TestSuite.java:53)
at java.util.ArrayList.forEach(ArrayList.java:1257)
... Removed 27 stack frames]]>
    </failure>
  </testcase> <!-- WAVE_TC_01 -->
  <testcase name="WAVE_TC_02" time="0.0" classname="wave.test.cases.TestSuite">
    <ignored/>
  </testcase> <!-- WAVE_TC_02 -->
</testsuite> <!-- Test -->
